<?xml version="1.0" encoding="UTF-8"?>
<testng-results skipped="1" failed="2" ignored="0" total="6" passed="3">
  <reporter-output>
  </reporter-output>
  <suite name="Ezcontent Suite" duration-ms="20647" started-at="2020-05-11T07:01:41Z" finished-at="2020-05-11T07:02:02Z">
    <groups>
    </groups>
    <test name="Default test" duration-ms="20647" started-at="2020-05-11T07:01:41Z" finished-at="2020-05-11T07:02:02Z">
      <class name="com.ezcontent.qa.testcases.LoginPageTest">
        <test-method status="PASS" signature="setup()[pri:0, instance:com.ezcontent.qa.testcases.LoginPageTest@35d176f7]" name="setup" is-config="true" duration-ms="8054" started-at="2020-05-11T07:01:41Z" finished-at="2020-05-11T07:01:49Z">
          <reporter-output>
          </reporter-output>
        </test-method> <!-- setup -->
        <test-method status="PASS" signature="loginPageTitle()[pri:1, instance:com.ezcontent.qa.testcases.LoginPageTest@35d176f7]" name="loginPageTitle" duration-ms="33" started-at="2020-05-11T07:01:49Z" finished-at="2020-05-11T07:01:49Z">
          <reporter-output>
          </reporter-output>
        </test-method> <!-- loginPageTitle -->
        <test-method status="PASS" signature="extentRpt(org.testng.ITestResult)[pri:0, instance:com.ezcontent.qa.testcases.LoginPageTest@35d176f7]" name="extentRpt" is-config="true" duration-ms="1251" started-at="2020-05-11T07:01:49Z" finished-at="2020-05-11T07:01:51Z">
          <params>
            <param index="0">
              <value>
                <![CDATA[[TestResult name=loginPageTitle status=SUCCESS method=LoginPageTest.loginPageTitle()[pri:1, instance:com.ezcontent.qa.testcases.LoginPageTest@35d176f7] output={null}]]]>
              </value>
            </param>
          </params>
          <reporter-output>
          </reporter-output>
        </test-method> <!-- extentRpt -->
        <test-method status="FAIL" signature="drupalLogoImage()[pri:2, instance:com.ezcontent.qa.testcases.LoginPageTest@35d176f7]" name="drupalLogoImage" duration-ms="54" started-at="2020-05-11T07:01:51Z" finished-at="2020-05-11T07:01:51Z">
          <exception class="org.openqa.selenium.NoSuchElementException">
            <message>
              <![CDATA[no such element: Unable to locate element: {"method":"xpath","selector":"//img[@src='http://ezcontent53esqcn36d.devcloud.acquia-sites.com/modules/contrib/gin_login/images/drupal1.svg']"}
  (Session info: chrome=77.0.3865.120)
For documentation on this error, please visit: https://www.seleniumhq.org/exceptions/no_such_element.html
Build info: version: '3.141.59', revision: 'e82be7d358', time: '2018-11-14T08:17:03'
System info: host: 'PriyankaSahni.local', ip: 'fe80:0:0:0:873:14f:2d56:4f97%en0', os.name: 'Mac OS X', os.arch: 'x86_64', os.version: '10.14.6', java.version: '1.8.0_241'
Driver info: org.openqa.selenium.chrome.ChromeDriver
Capabilities {acceptInsecureCerts: false, browserName: chrome, browserVersion: 77.0.3865.120, chrome: {chromedriverVersion: 77.0.3865.40 (f484704e052e0..., userDataDir: /var/folders/mw/nbc18wg958g...}, goog:chromeOptions: {debuggerAddress: localhost:62217}, javascriptEnabled: true, networkConnectionEnabled: false, pageLoadStrategy: normal, platform: MAC, platformName: MAC, proxy: Proxy(), setWindowRect: true, strictFileInteractability: false, timeouts: {implicit: 0, pageLoad: 300000, script: 30000}, unhandledPromptBehavior: dismiss and notify}
Session ID: 7514eb64266cac117acc83295c200e99
*** Element info: {Using=xpath, value=//img[@src='http://ezcontent53esqcn36d.devcloud.acquia-sites.com/modules/contrib/gin_login/images/drupal1.svg']}]]>
            </message>
            <full-stacktrace>
              <![CDATA[org.openqa.selenium.NoSuchElementException: no such element: Unable to locate element: {"method":"xpath","selector":"//img[@src='http://ezcontent53esqcn36d.devcloud.acquia-sites.com/modules/contrib/gin_login/images/drupal1.svg']"}
  (Session info: chrome=77.0.3865.120)
For documentation on this error, please visit: https://www.seleniumhq.org/exceptions/no_such_element.html
Build info: version: '3.141.59', revision: 'e82be7d358', time: '2018-11-14T08:17:03'
System info: host: 'PriyankaSahni.local', ip: 'fe80:0:0:0:873:14f:2d56:4f97%en0', os.name: 'Mac OS X', os.arch: 'x86_64', os.version: '10.14.6', java.version: '1.8.0_241'
Driver info: org.openqa.selenium.chrome.ChromeDriver
Capabilities {acceptInsecureCerts: false, browserName: chrome, browserVersion: 77.0.3865.120, chrome: {chromedriverVersion: 77.0.3865.40 (f484704e052e0..., userDataDir: /var/folders/mw/nbc18wg958g...}, goog:chromeOptions: {debuggerAddress: localhost:62217}, javascriptEnabled: true, networkConnectionEnabled: false, pageLoadStrategy: normal, platform: MAC, platformName: MAC, proxy: Proxy(), setWindowRect: true, strictFileInteractability: false, timeouts: {implicit: 0, pageLoad: 300000, script: 30000}, unhandledPromptBehavior: dismiss and notify}
Session ID: 7514eb64266cac117acc83295c200e99
*** Element info: {Using=xpath, value=//img[@src='http://ezcontent53esqcn36d.devcloud.acquia-sites.com/modules/contrib/gin_login/images/drupal1.svg']}
at sun.reflect.NativeConstructorAccessorImpl.newInstance0(Native Method)
at sun.reflect.NativeConstructorAccessorImpl.newInstance(NativeConstructorAccessorImpl.java:62)
at sun.reflect.DelegatingConstructorAccessorImpl.newInstance(DelegatingConstructorAccessorImpl.java:45)
at java.lang.reflect.Constructor.newInstance(Constructor.java:423)
at org.openqa.selenium.remote.http.W3CHttpResponseCodec.createException(W3CHttpResponseCodec.java:187)
at org.openqa.selenium.remote.http.W3CHttpResponseCodec.decode(W3CHttpResponseCodec.java:122)
at org.openqa.selenium.remote.http.W3CHttpResponseCodec.decode(W3CHttpResponseCodec.java:49)
at org.openqa.selenium.remote.HttpCommandExecutor.execute(HttpCommandExecutor.java:158)
at org.openqa.selenium.remote.service.DriverCommandExecutor.execute(DriverCommandExecutor.java:83)
at org.openqa.selenium.remote.RemoteWebDriver.execute(RemoteWebDriver.java:552)
at org.openqa.selenium.remote.RemoteWebDriver.findElement(RemoteWebDriver.java:323)
at org.openqa.selenium.remote.RemoteWebDriver.findElementByXPath(RemoteWebDriver.java:428)
at org.openqa.selenium.By$ByXPath.findElement(By.java:353)
at org.openqa.selenium.remote.RemoteWebDriver.findElement(RemoteWebDriver.java:315)
at org.openqa.selenium.support.pagefactory.DefaultElementLocator.findElement(DefaultElementLocator.java:69)
at org.openqa.selenium.support.pagefactory.internal.LocatingElementHandler.invoke(LocatingElementHandler.java:38)
at com.sun.proxy.$Proxy10.isDisplayed(Unknown Source)
at com.ezcontent.qa.pages.LoginPage.validateDrupalLogo(LoginPage.java:82)
at com.ezcontent.qa.testcases.LoginPageTest.drupalLogoImage(LoginPageTest.java:54)
at sun.reflect.NativeMethodAccessorImpl.invoke0(Native Method)
at sun.reflect.NativeMethodAccessorImpl.invoke(NativeMethodAccessorImpl.java:62)
at sun.reflect.DelegatingMethodAccessorImpl.invoke(DelegatingMethodAccessorImpl.java:43)
at java.lang.reflect.Method.invoke(Method.java:498)
at org.testng.internal.MethodInvocationHelper.invokeMethod(MethodInvocationHelper.java:124)
at org.testng.internal.Invoker.invokeMethod(Invoker.java:583)
at org.testng.internal.Invoker.invokeTestMethod(Invoker.java:719)
at org.testng.internal.Invoker.invokeTestMethods(Invoker.java:989)
at org.testng.internal.TestMethodWorker.invokeTestMethods(TestMethodWorker.java:125)
at org.testng.internal.TestMethodWorker.run(TestMethodWorker.java:109)
at org.testng.TestRunner.privateRun(TestRunner.java:648)
at org.testng.TestRunner.run(TestRunner.java:505)
at org.testng.SuiteRunner.runTest(SuiteRunner.java:455)
at org.testng.SuiteRunner.runSequentially(SuiteRunner.java:450)
at org.testng.SuiteRunner.privateRun(SuiteRunner.java:415)
at org.testng.SuiteRunner.run(SuiteRunner.java:364)
at org.testng.SuiteRunnerWorker.runSuite(SuiteRunnerWorker.java:52)
at org.testng.SuiteRunnerWorker.run(SuiteRunnerWorker.java:84)
at org.testng.TestNG.runSuitesSequentially(TestNG.java:1208)
at org.testng.TestNG.runSuitesLocally(TestNG.java:1137)
at org.testng.TestNG.runSuites(TestNG.java:1049)
at org.testng.TestNG.run(TestNG.java:1017)
at org.testng.remote.AbstractRemoteTestNG.run(AbstractRemoteTestNG.java:115)
at org.testng.remote.RemoteTestNG.initAndRun(RemoteTestNG.java:251)
at org.testng.remote.RemoteTestNG.main(RemoteTestNG.java:77)
]]>
            </full-stacktrace>
          </exception> <!-- org.openqa.selenium.NoSuchElementException -->
          <reporter-output>
          </reporter-output>
        </test-method> <!-- drupalLogoImage -->
        <test-method status="PASS" signature="extentRpt(org.testng.ITestResult)[pri:0, instance:com.ezcontent.qa.testcases.LoginPageTest@35d176f7]" name="extentRpt" is-config="true" duration-ms="1088" started-at="2020-05-11T07:01:51Z" finished-at="2020-05-11T07:01:52Z">
          <params>
            <param index="0">
              <value>
                <![CDATA[[TestResult name=drupalLogoImage status=FAILURE method=LoginPageTest.drupalLogoImage()[pri:2, instance:com.ezcontent.qa.testcases.LoginPageTest@35d176f7] output={null}]]]>
              </value>
            </param>
          </params>
          <reporter-output>
          </reporter-output>
        </test-method> <!-- extentRpt -->
        <test-method status="FAIL" signature="emailHelpText()[pri:3, instance:com.ezcontent.qa.testcases.LoginPageTest@35d176f7]" name="emailHelpText" duration-ms="23" started-at="2020-05-11T07:01:52Z" finished-at="2020-05-11T07:01:52Z">
          <exception class="java.lang.AssertionError">
            <message>
              <![CDATA[expected [Enter your email address1.] but found [Enter your email address.]]]>
            </message>
            <full-stacktrace>
              <![CDATA[java.lang.AssertionError: expected [Enter your email address1.] but found [Enter your email address.]
at org.testng.Assert.fail(Assert.java:96)
at org.testng.Assert.failNotEquals(Assert.java:776)
at org.testng.Assert.assertEqualsImpl(Assert.java:137)
at org.testng.Assert.assertEquals(Assert.java:118)
at org.testng.Assert.assertEquals(Assert.java:453)
at org.testng.Assert.assertEquals(Assert.java:463)
at com.ezcontent.qa.testcases.LoginPageTest.emailHelpText(LoginPageTest.java:65)
at sun.reflect.NativeMethodAccessorImpl.invoke0(Native Method)
at sun.reflect.NativeMethodAccessorImpl.invoke(NativeMethodAccessorImpl.java:62)
at sun.reflect.DelegatingMethodAccessorImpl.invoke(DelegatingMethodAccessorImpl.java:43)
at java.lang.reflect.Method.invoke(Method.java:498)
at org.testng.internal.MethodInvocationHelper.invokeMethod(MethodInvocationHelper.java:124)
at org.testng.internal.Invoker.invokeMethod(Invoker.java:583)
at org.testng.internal.Invoker.invokeTestMethod(Invoker.java:719)
at org.testng.internal.Invoker.invokeTestMethods(Invoker.java:989)
at org.testng.internal.TestMethodWorker.invokeTestMethods(TestMethodWorker.java:125)
at org.testng.internal.TestMethodWorker.run(TestMethodWorker.java:109)
at org.testng.TestRunner.privateRun(TestRunner.java:648)
at org.testng.TestRunner.run(TestRunner.java:505)
at org.testng.SuiteRunner.runTest(SuiteRunner.java:455)
at org.testng.SuiteRunner.runSequentially(SuiteRunner.java:450)
at org.testng.SuiteRunner.privateRun(SuiteRunner.java:415)
at org.testng.SuiteRunner.run(SuiteRunner.java:364)
at org.testng.SuiteRunnerWorker.runSuite(SuiteRunnerWorker.java:52)
at org.testng.SuiteRunnerWorker.run(SuiteRunnerWorker.java:84)
at org.testng.TestNG.runSuitesSequentially(TestNG.java:1208)
at org.testng.TestNG.runSuitesLocally(TestNG.java:1137)
at org.testng.TestNG.runSuites(TestNG.java:1049)
at org.testng.TestNG.run(TestNG.java:1017)
at org.testng.remote.AbstractRemoteTestNG.run(AbstractRemoteTestNG.java:115)
at org.testng.remote.RemoteTestNG.initAndRun(RemoteTestNG.java:251)
at org.testng.remote.RemoteTestNG.main(RemoteTestNG.java:77)
]]>
            </full-stacktrace>
          </exception> <!-- java.lang.AssertionError -->
          <reporter-output>
          </reporter-output>
        </test-method> <!-- emailHelpText -->
        <test-method status="PASS" signature="extentRpt(org.testng.ITestResult)[pri:0, instance:com.ezcontent.qa.testcases.LoginPageTest@35d176f7]" name="extentRpt" is-config="true" duration-ms="1036" started-at="2020-05-11T07:01:52Z" finished-at="2020-05-11T07:01:53Z">
          <params>
            <param index="0">
              <value>
                <![CDATA[[TestResult name=emailHelpText status=FAILURE method=LoginPageTest.emailHelpText()[pri:3, instance:com.ezcontent.qa.testcases.LoginPageTest@35d176f7] output={null}]]]>
              </value>
            </param>
          </params>
          <reporter-output>
          </reporter-output>
        </test-method> <!-- extentRpt -->
        <test-method status="PASS" signature="passwordHelpText()[pri:4, instance:com.ezcontent.qa.testcases.LoginPageTest@35d176f7]" name="passwordHelpText" duration-ms="22" started-at="2020-05-11T07:01:53Z" finished-at="2020-05-11T07:01:53Z">
          <reporter-output>
          </reporter-output>
        </test-method> <!-- passwordHelpText -->
        <test-method status="PASS" signature="extentRpt(org.testng.ITestResult)[pri:0, instance:com.ezcontent.qa.testcases.LoginPageTest@35d176f7]" name="extentRpt" is-config="true" duration-ms="1061" started-at="2020-05-11T07:01:53Z" finished-at="2020-05-11T07:01:54Z">
          <params>
            <param index="0">
              <value>
                <![CDATA[[TestResult name=passwordHelpText status=SUCCESS method=LoginPageTest.passwordHelpText()[pri:4, instance:com.ezcontent.qa.testcases.LoginPageTest@35d176f7] output={null}]]]>
              </value>
            </param>
          </params>
          <reporter-output>
          </reporter-output>
        </test-method> <!-- extentRpt -->
        <test-method status="PASS" signature="login()[pri:5, instance:com.ezcontent.qa.testcases.LoginPageTest@35d176f7]" name="login" duration-ms="7195" started-at="2020-05-11T07:01:54Z" finished-at="2020-05-11T07:02:01Z">
          <reporter-output>
          </reporter-output>
        </test-method> <!-- login -->
        <test-method status="PASS" signature="extentRpt(org.testng.ITestResult)[pri:0, instance:com.ezcontent.qa.testcases.LoginPageTest@35d176f7]" name="extentRpt" is-config="true" duration-ms="466" started-at="2020-05-11T07:02:01Z" finished-at="2020-05-11T07:02:02Z">
          <params>
            <param index="0">
              <value>
                <![CDATA[[TestResult name=login status=SUCCESS method=LoginPageTest.login()[pri:5, instance:com.ezcontent.qa.testcases.LoginPageTest@35d176f7] output={null}]]]>
              </value>
            </param>
          </params>
          <reporter-output>
          </reporter-output>
        </test-method> <!-- extentRpt -->
        <test-method status="SKIP" signature="navigatetoDashboard()[pri:6, instance:com.ezcontent.qa.testcases.LoginPageTest@35d176f7]" name="navigatetoDashboard" duration-ms="0" started-at="2020-05-11T07:02:02Z" depends-on-methods="com.ezcontent.qa.testcases.LoginPageTest.emailHelpText" finished-at="2020-05-11T07:02:02Z">
          <exception class="java.lang.Throwable">
            <message>
              <![CDATA[Method LoginPageTest.navigatetoDashboard()[pri:6, instance:com.ezcontent.qa.testcases.LoginPageTest@35d176f7] depends on not successfully finished methods]]>
            </message>
            <full-stacktrace>
              <![CDATA[java.lang.Throwable: Method LoginPageTest.navigatetoDashboard()[pri:6, instance:com.ezcontent.qa.testcases.LoginPageTest@35d176f7] depends on not successfully finished methods
at org.testng.internal.Invoker.invokeTestMethods(Invoker.java:888)
at org.testng.internal.TestMethodWorker.invokeTestMethods(TestMethodWorker.java:125)
at org.testng.internal.TestMethodWorker.run(TestMethodWorker.java:109)
at org.testng.TestRunner.privateRun(TestRunner.java:648)
at org.testng.TestRunner.run(TestRunner.java:505)
at org.testng.SuiteRunner.runTest(SuiteRunner.java:455)
at org.testng.SuiteRunner.runSequentially(SuiteRunner.java:450)
at org.testng.SuiteRunner.privateRun(SuiteRunner.java:415)
at org.testng.SuiteRunner.run(SuiteRunner.java:364)
at org.testng.SuiteRunnerWorker.runSuite(SuiteRunnerWorker.java:52)
at org.testng.SuiteRunnerWorker.run(SuiteRunnerWorker.java:84)
at org.testng.TestNG.runSuitesSequentially(TestNG.java:1208)
at org.testng.TestNG.runSuitesLocally(TestNG.java:1137)
at org.testng.TestNG.runSuites(TestNG.java:1049)
at org.testng.TestNG.run(TestNG.java:1017)
at org.testng.remote.AbstractRemoteTestNG.run(AbstractRemoteTestNG.java:115)
at org.testng.remote.RemoteTestNG.initAndRun(RemoteTestNG.java:251)
at org.testng.remote.RemoteTestNG.main(RemoteTestNG.java:77)
]]>
            </full-stacktrace>
          </exception> <!-- java.lang.Throwable -->
          <reporter-output>
          </reporter-output>
        </test-method> <!-- navigatetoDashboard -->
        <test-method status="PASS" signature="closeBrowser()[pri:0, instance:com.ezcontent.qa.testcases.LoginPageTest@35d176f7]" name="closeBrowser" is-config="true" duration-ms="341" started-at="2020-05-11T07:02:02Z" finished-at="2020-05-11T07:02:02Z">
          <reporter-output>
          </reporter-output>
        </test-method> <!-- closeBrowser -->
      </class> <!-- com.ezcontent.qa.testcases.LoginPageTest -->
    </test> <!-- Default test -->
  </suite> <!-- Ezcontent Suite -->
</testng-results>
